Lista initiala:
Cei 3 muschetari
Nedelcu Roxana 4
Georgescu Oana 5
Muntean Irina 9
Costache Diana 5
Marinescu Mirela 9
Punctaj echipa: 6

Winner
Baciu Iuliana 6
Neacsu Madalina 8
Suciu Raluca 9
Dan Ionel 8
Alexandru Lucian 9
Punctaj echipa: 8

Mistretii Atomici
Ghita Cosmin 9
Marcu Sorin 2
Rotaru Loredana 10
Zaharia Claudia 3
Paun Monica 7
Punctaj echipa: 6

Elixir Junior
Diaconu Ramona 7
David Dumitru 1
Szabo Ana 4
Cretu Ciprian 9
Costea Corina 3
Punctaj echipa: 4

Black swans
Rus Laura 10
Dragan Vlad 1
Stancu Razvan 2
Luca Radu 6
Calin Liliana 9
Punctaj echipa: 5

Legalize
Pavel Valentina 0
Filip Viorel 10
Bucur Iulia 9
Avram Ovidiu 4
Stoian Florina 0
Punctaj echipa: 4

Pufuletii
Iacob Robert 9
Nistor Catalina 10
Nita Carmen 2
Olteanu Claudiu 4
Rosu Alin 1
Punctaj echipa: 5

Savage
Nicolae Oana-Maria 4
Roman Camelia 4
Dumitrescu Andreea-Elena 4
Simion Dan 3
Iancu Costel 6
Punctaj echipa: 4

Konfetti
Petre Alina-Elena 6
Lungu Elena-Cristina 6
Ene Mircea 5
Manea Laurentiu 5
Nagy Georgeta 7
Punctaj echipa: 5

The Skyrynners
Muresan Maria-Cristina 8
Lupu Paul 6
Tanase Alina-Maria 2
Preda Dragos 2
Coman Silviu 7
Punctaj echipa: 5

MO si F.O.C.A
Craciun Andreea-Maria 10
Ivan Adina 4
Dobre Attila 9
Iordache Liviu 7
Cojocaru Petru 6
Punctaj echipa: 7

Shooting Stars
Vlad Cristina-Elena 7
Mocanu Vasilica 10
Grigore Victor 4
Voicu Alina-Mihaela 1
Balan Ileana 0
Punctaj echipa: 4

Defending Champs
Ionita Silvia 9
Neagu Veronica 7
Enache Marinela 8
Badea Cristina-Maria 2
Dragomir Rodica 10
Punctaj echipa: 7

The Abusement Park
Dinu Anca-Maria 10
Ungureanu Violeta 7
Anghel Roxana-Elena 10
Barbu Zoltan 3
Cristea Alexandra-Maria 7
Punctaj echipa: 7

Chunky Monkees
Tudor Ioana-Alexandra 6
Stanci Ancuta 0
Sandu Alexandru-Ionut 10
Ion Viorica 3
Andrei Sergiu 10
Punctaj echipa: 5

Chafing the Dream
Ilie Ionut-Alexandru 10
Oprea Zsolt 8
Toma Ioana-Maria 5
Florea Andreea-Cristina 0
Moldovan Emilia 4
Punctaj echipa: 5

Ibuprofen and Ben Gay
Marin Timea 4
Stefan Mihai-Alexandru 9
Lazar Istvan 10
Vasile Teodora 2
Munteanu Eugen 0
Punctaj echipa: 5

The Big Egos
Ionescu Luminita 8
Rusu Cornelia 7
Mihai Levente 5
Serban Lavinia 3
Constantin Ilie 7
Punctaj echipa: 6

Vandelay Industries
Stan Octavian 4
Stoica Cornel 0
Gheorghe Tudor 6
Matei Andrea 3
Ciobanu Stefania 1
Punctaj echipa: 2

The Waiver Wire
Popa Florentina 6
Popescu Anca 10
Pop Anamaria 6
Radu Simona 2
Dumitru Iulian 1
Punctaj echipa: 5

Lista finala:
Cei 3 muschetari
Nedelcu Roxana 5
Georgescu Oana 6
Muntean Irina 10
Costache Diana 6
Marinescu Mirela 10
Punctaj echipa: 7

Winner
Baciu Iuliana 7
Neacsu Madalina 9
Suciu Raluca 10
Dan Ionel 9
Alexandru Lucian 10
Punctaj echipa: 9

Mistretii Atomici
Ghita Cosmin 10
Marcu Sorin 3
Rotaru Loredana 11
Zaharia Claudia 4
Paun Monica 8
Punctaj echipa: 7

Black swans
Rus Laura 11
Dragan Vlad 2
Stancu Razvan 3
Luca Radu 7
Calin Liliana 10
Punctaj echipa: 6

Pufuletii
Iacob Robert 10
Nistor Catalina 11
Nita Carmen 3
Olteanu Claudiu 5
Rosu Alin 2
Punctaj echipa: 6

Konfetti
Petre Alina-Elena 7
Lungu Elena-Cristina 7
Ene Mircea 6
Manea Laurentiu 6
Nagy Georgeta 8
Punctaj echipa: 6

The Skyrynners
Muresan Maria-Cristina 9
Lupu Paul 7
Tanase Alina-Maria 3
Preda Dragos 3
Coman Silviu 8
Punctaj echipa: 6

MO si F.O.C.A
Craciun Andreea-Maria 11
Ivan Adina 5
Dobre Attila 10
Iordache Liviu 8
Cojocaru Petru 7
Punctaj echipa: 8

Shooting Stars
Vlad Cristina-Elena 8
Mocanu Vasilica 11
Grigore Victor 5
Voicu Alina-Mihaela 2
Balan Ileana 1
Punctaj echipa: 5

Defending Champs
Ionita Silvia 10
Neagu Veronica 8
Enache Marinela 9
Badea Cristina-Maria 3
Dragomir Rodica 11
Punctaj echipa: 8

The Abusement Park
Dinu Anca-Maria 11
Ungureanu Violeta 8
Anghel Roxana-Elena 11
Barbu Zoltan 4
Cristea Alexandra-Maria 8
Punctaj echipa: 8

Chunky Monkees
Tudor Ioana-Alexandra 7
Stanci Ancuta 1
Sandu Alexandru-Ionut 11
Ion Viorica 4
Andrei Sergiu 11
Punctaj echipa: 6

Chafing the Dream
Ilie Ionut-Alexandru 11
Oprea Zsolt 9
Toma Ioana-Maria 6
Florea Andreea-Cristina 1
Moldovan Emilia 5
Punctaj echipa: 6

Ibuprofen and Ben Gay
Marin Timea 5
Stefan Mihai-Alexandru 10
Lazar Istvan 11
Vasile Teodora 3
Munteanu Eugen 1
Punctaj echipa: 6

The Big Egos
Ionescu Luminita 9
Rusu Cornelia 8
Mihai Levente 6
Serban Lavinia 4
Constantin Ilie 8
Punctaj echipa: 7

The Waiver Wire
Popa Florentina 7
Popescu Anca 11
Pop Anamaria 7
Radu Simona 3
Dumitru Iulian 2
Punctaj echipa: 6

